Info: Starting: Create simulation model
Info: ip-generate --project-directory="C:/Users/Anthony/Google Drive/School/Fall2014/ECET349/Labs/AntonsGame/" --output-directory="C:/Users/Anthony/Google Drive/School/Fall2014/ECET349/Labs/AntonsGame/PLL/simulation/" --file-set=SIM_VHDL --report-file="sopcinfo:C:/Users/Anthony/Google Drive/School/Fall2014/ECET349/Labs/AntonsGame/PLL.sopcinfo" --report-file="html:C:/Users/Anthony/Google Drive/School/Fall2014/ECET349/Labs/AntonsGame/PLL.html" --report-file="sip:C:/Users/Anthony/Google Drive/School/Fall2014/ECET349/Labs/AntonsGame/PLL/simulation/PLL.sip" --report-file="csv:C:/Users/Anthony/Google Drive/School/Fall2014/ECET349/Labs/AntonsGame/PLL.csv" --report-file="spd:C:/Users/Anthony/Google Drive/School/Fall2014/ECET349/Labs/AntonsGame/PLL.spd" --report-file="cmp:C:/Users/Anthony/Google Drive/School/Fall2014/ECET349/Labs/AntonsGame/PLL.cmp" --system-info=DEVICE_FAMILY="Cyclone II" --system-info=DEVICE=EP2C20F484C7 --system-info=DEVICE_SPEEDGRADE=7 --component-file="C:/Users/Anthony/Google Drive/School/Fall2014/ECET349/Labs/AntonsGame/PLL.qsys"
Progress: Loading AntonsGame/PLL.qsys
Progress: Reading input file
Progress: Adding altpll_0 [altpll 13.0]
Progress: Parameterizing module altpll_0
Progress: Building connections
Progress: Parameterizing connections
Progress: Validating
Progress: Done reading input file
Warning: PLL.altpll_0: altpll_0.pll_slave must be connected to an Avalon-MM master
Warning: PLL.altpll_0: altpll_0.areset_conduit must be exported, or connected to a matching conduit.
Warning: PLL.altpll_0: altpll_0.locked_conduit must be exported, or connected to a matching conduit.
Warning: PLL.altpll_0: altpll_0.phasedone_conduit must be exported, or connected to a matching conduit.
Info: PLL: Generating PLL "PLL" for SIM_VHDL
Info: pipeline_bridge_swap_transform: After transform: 1 modules, 0 connections
Info: No custom instruction connections, skipping transform 
Info: No Avalon connections, skipping transform 
Info: merlin_translator_transform: After transform: 1 modules, 0 connections
Info: altpll_0: Generating VHDL simulation model
Warning: Parallel compilation is not licensed and has been disabled
Warning: Verilog HDL or VHDL warning at PLL_altpll_0.vhd(218): object "wire_w_address_range2w" assigned a value but never read
Info: altpll_0: Generated simulation model PLL_altpll_0.vho
Info: altpll_0: "PLL" instantiated altpll "altpll_0"
Info: PLL: Done PLL" with 2 modules, 2 files, 19219 bytes
Info: ip-generate succeeded.
Info: Finished: Create simulation model
Info: Starting: Create Modelsim Project.
Info: sim-script-gen --spd="C:/Users/Anthony/Google Drive/School/Fall2014/ECET349/Labs/AntonsGame/PLL.spd" --output-directory="C:/Users/Anthony/Google Drive/School/Fall2014/ECET349/Labs/AntonsGame/PLL/simulation/"
Info: Doing: ip-make-simscript --spd=C:/Users/Anthony/Google Drive/School/Fall2014/ECET349/Labs/AntonsGame/PLL.spd --output-directory=C:/Users/Anthony/Google Drive/School/Fall2014/ECET349/Labs/AntonsGame/PLL/simulation/
Info: Generating the following file(s) for MODELSIM simulator in C:/Users/Anthony/Google Drive/School/Fall2014/ECET349/Labs/AntonsGame/PLL/simulation/ directory:
Info: 	mentor/msim_setup.tcl
Info: Skipping VCS script generation since VHDL file $QUARTUS_INSTALL_DIR/eda/sim_lib/altera_syn_attributes.vhd is required for simulation
Info: Generating the following file(s) for VCSMX simulator in C:/Users/Anthony/Google Drive/School/Fall2014/ECET349/Labs/AntonsGame/PLL/simulation/ directory:
Info: 	synopsys/vcsmx/synopsys_sim.setup
Info: 	synopsys/vcsmx/vcsmx_setup.sh
Info: Generating the following file(s) for NCSIM simulator in C:/Users/Anthony/Google Drive/School/Fall2014/ECET349/Labs/AntonsGame/PLL/simulation/ directory:
Info: 	cadence/cds.lib
Info: 	cadence/hdl.var
Info: 	cadence/ncsim_setup.sh
Info: 	1 .cds.lib files in cadence/cds_libs/ directory
Info: Generating the following file(s) for RIVIERAPRO simulator in C:/Users/Anthony/Google Drive/School/Fall2014/ECET349/Labs/AntonsGame/PLL/simulation/ directory:
Info: 	aldec/rivierapro_setup.tcl
Info: Finished: Create Modelsim Project.
Info: Starting: Create block symbol file (.bsf)
Info: ip-generate --project-directory="C:/Users/Anthony/Google Drive/School/Fall2014/ECET349/Labs/AntonsGame/" --output-directory="C:/Users/Anthony/Google Drive/School/Fall2014/ECET349/Labs/AntonsGame/PLL/" --report-file="bsf:C:/Users/Anthony/Google Drive/School/Fall2014/ECET349/Labs/AntonsGame/PLL.bsf" --system-info=DEVICE_FAMILY="Cyclone II" --system-info=DEVICE=EP2C20F484C7 --system-info=DEVICE_SPEEDGRADE=7 --component-file="C:/Users/Anthony/Google Drive/School/Fall2014/ECET349/Labs/AntonsGame/PLL.qsys"
Progress: Loading AntonsGame/PLL.qsys
Progress: Reading input file
Progress: Adding altpll_0 [altpll 13.0]
Progress: Parameterizing module altpll_0
Progress: Building connections
Progress: Parameterizing connections
Progress: Validating
Progress: Done reading input file
Warning: PLL.altpll_0: altpll_0.pll_slave must be connected to an Avalon-MM master
Warning: PLL.altpll_0: altpll_0.areset_conduit must be exported, or connected to a matching conduit.
Warning: PLL.altpll_0: altpll_0.locked_conduit must be exported, or connected to a matching conduit.
Warning: PLL.altpll_0: altpll_0.phasedone_conduit must be exported, or connected to a matching conduit.
Info: ip-generate succeeded.
Info: Finished: Create block symbol file (.bsf)
Info: 
Info: Starting: Create HDL design files for synthesis
Info: ip-generate --project-directory="C:/Users/Anthony/Google Drive/School/Fall2014/ECET349/Labs/AntonsGame/" --output-directory="C:/Users/Anthony/Google Drive/School/Fall2014/ECET349/Labs/AntonsGame/PLL/synthesis/" --file-set=QUARTUS_SYNTH --report-file="sopcinfo:C:/Users/Anthony/Google Drive/School/Fall2014/ECET349/Labs/AntonsGame/PLL.sopcinfo" --report-file="html:C:/Users/Anthony/Google Drive/School/Fall2014/ECET349/Labs/AntonsGame/PLL.html" --report-file="qip:C:/Users/Anthony/Google Drive/School/Fall2014/ECET349/Labs/AntonsGame/PLL/synthesis/PLL.qip" --report-file="cmp:C:/Users/Anthony/Google Drive/School/Fall2014/ECET349/Labs/AntonsGame/PLL.cmp" --report-file=svd --system-info=DEVICE_FAMILY="Cyclone II" --system-info=DEVICE=EP2C20F484C7 --system-info=DEVICE_SPEEDGRADE=7 --component-file="C:/Users/Anthony/Google Drive/School/Fall2014/ECET349/Labs/AntonsGame/PLL.qsys" --language=VHDL
Progress: Loading AntonsGame/PLL.qsys
Progress: Reading input file
Progress: Adding altpll_0 [altpll 13.0]
Progress: Parameterizing module altpll_0
Progress: Building connections
Progress: Parameterizing connections
Progress: Validating
Progress: Done reading input file
Warning: PLL.altpll_0: altpll_0.pll_slave must be connected to an Avalon-MM master
Warning: PLL.altpll_0: altpll_0.areset_conduit must be exported, or connected to a matching conduit.
Warning: PLL.altpll_0: altpll_0.locked_conduit must be exported, or connected to a matching conduit.
Warning: PLL.altpll_0: altpll_0.phasedone_conduit must be exported, or connected to a matching conduit.
Info: PLL: Generating PLL "PLL" for QUARTUS_SYNTH
Info: pipeline_bridge_swap_transform: After transform: 1 modules, 0 connections
Info: No custom instruction connections, skipping transform 
Info: No Avalon connections, skipping transform 
Info: merlin_translator_transform: After transform: 1 modules, 0 connections
Info: altpll_0: "PLL" instantiated altpll "altpll_0"
Info: PLL: Done PLL" with 2 modules, 2 files, 12310 bytes
Info: ip-generate succeeded.
Info: Finished: Create HDL design files for synthesis
